Using pre-set license
Built from '2021.3/staging' branch; Version is '2021.3.4f1 (cb45f9cae8b7) revision 13321721'; Using compiler version '192829333'; Build Type 'Release'
OS: 'Windows 10  (10.0.19044) 64bit Professional' Language: 'en' Physical Memory: 16085 MB
BatchMode: 1, IsHumanControllingUs: 0, StartBugReporterOnCrash: 0, Is64bit: 1, IsPro: 1

COMMAND LINE ARGUMENTS:
C:\Program Files\Unity\Hub\Editor\2021.3.4f1\Editor\Unity.exe
-adb2
-batchMode
-noUpm
-name
AssetImportWorker0
-projectPath
C:/Users/Rajarshi/Desktop/Project_Files/IncubatorProject/Incubator-Project - Backup/Backup-test-merge/Incubator-Project-Test_Merge
-logFile
Logs/AssetImportWorker0.log
-srvPort
63302
Successfully changed project path to: C:/Users/Rajarshi/Desktop/Project_Files/IncubatorProject/Incubator-Project - Backup/Backup-test-merge/Incubator-Project-Test_Merge
C:/Users/Rajarshi/Desktop/Project_Files/IncubatorProject/Incubator-Project - Backup/Backup-test-merge/Incubator-Project-Test_Merge
[UnityMemory] Configuration Parameters - Can be set up in boot.config
    "memorysetup-bucket-allocator-granularity=16"
    "memorysetup-bucket-allocator-bucket-count=8"
    "memorysetup-bucket-allocator-block-size=33554432"
    "memorysetup-bucket-allocator-block-count=8"
    "memorysetup-main-allocator-block-size=16777216"
    "memorysetup-thread-allocator-block-size=16777216"
    "memorysetup-gfx-main-allocator-block-size=16777216"
    "memorysetup-gfx-thread-allocator-block-size=16777216"
    "memorysetup-cache-allocator-block-size=4194304"
    "memorysetup-typetree-allocator-block-size=2097152"
    "memorysetup-profiler-bucket-allocator-granularity=16"
    "memorysetup-profiler-bucket-allocator-bucket-count=8"
    "memorysetup-profiler-bucket-allocator-block-size=33554432"
    "memorysetup-profiler-bucket-allocator-block-count=8"
    "memorysetup-profiler-allocator-block-size=16777216"
    "memorysetup-profiler-editor-allocator-block-size=1048576"
    "memorysetup-temp-allocator-size-main=16777216"
    "memorysetup-job-temp-allocator-block-size=2097152"
    "memorysetup-job-temp-allocator-block-size-background=1048576"
    "memorysetup-job-temp-allocator-reduction-small-platforms=262144"
    "memorysetup-temp-allocator-size-background-worker=32768"
    "memorysetup-temp-allocator-size-job-worker=262144"
    "memorysetup-temp-allocator-size-preload-manager=33554432"
    "memorysetup-temp-allocator-size-nav-mesh-worker=65536"
    "memorysetup-temp-allocator-size-audio-worker=65536"
    "memorysetup-temp-allocator-size-cloud-worker=32768"
    "memorysetup-temp-allocator-size-gi-baking-worker=262144"
    "memorysetup-temp-allocator-size-gfx=262144"
Refreshing native plugins compatible for Editor in 127.50 ms, found 3 plugins.
Preloading 0 native plugins for Editor in 0.00 ms.
Initialize engine version: 2021.3.4f1 (cb45f9cae8b7)
[Subsystems] Discovering subsystems at path C:/Program Files/Unity/Hub/Editor/2021.3.4f1/Editor/Data/Resources/UnitySubsystems
[Subsystems] Discovering subsystems at path C:/Users/Rajarshi/Desktop/Project_Files/IncubatorProject/Incubator-Project - Backup/Backup-test-merge/Incubator-Project-Test_Merge/Assets
GfxDevice: creating device client; threaded=0; jobified=0
Direct3D:
    Version:  Direct3D 11.0 [level 11.1]
    Renderer: NVIDIA GeForce RTX 3070 Laptop GPU (ID=0x249d)
    Vendor:   NVIDIA
    VRAM:     8044 MB
    Driver:   30.0.14.7141
Initialize mono
Mono path[0] = 'C:/Program Files/Unity/Hub/Editor/2021.3.4f1/Editor/Data/Managed'
Mono path[1] = 'C:/Program Files/Unity/Hub/Editor/2021.3.4f1/Editor/Data/MonoBleedingEdge/lib/mono/unityjit-win32'
Mono config path = 'C:/Program Files/Unity/Hub/Editor/2021.3.4f1/Editor/Data/MonoBleedingEdge/etc'
Using monoOptions --debugger-agent=transport=dt_socket,embedding=1,server=y,suspend=n,address=127.0.0.1:56840
Begin MonoManager ReloadAssembly
Registering precompiled unity dll's ...
Register platform support module: C:/Program Files/Unity/Hub/Editor/2021.3.4f1/Editor/Data/PlaybackEngines/WebGLSupport/UnityEditor.WebGL.Extensions.dll
Register platform support module: C:/Program Files/Unity/Hub/Editor/2021.3.4f1/Editor/Data/PlaybackEngines/AndroidPlayer/UnityEditor.Android.Extensions.dll
Register platform support module: C:/Program Files/Unity/Hub/Editor/2021.3.4f1/Editor/Data/PlaybackEngines/WindowsStandaloneSupport/UnityEditor.WindowsStandalone.Extensions.dll
Register platform support module: C:/Program Files/Unity/Hub/Editor/2021.3.4f1/Editor/Data/PlaybackEngines/MetroSupport/UnityEditor.UWP.Extensions.dll
Registered in 0.014885 seconds.
Native extension for UWP target not found
Native extension for WindowsStandalone target not found
Native extension for Android target not found
Native extension for WebGL target not found
Refreshing native plugins compatible for Editor in 104.71 ms, found 3 plugins.
Preloading 0 native plugins for Editor in 0.00 ms.
Mono: successfully reloaded assembly
- Completed reload, in  0.739 seconds
Domain Reload Profiling:
	ReloadAssembly (739ms)
		BeginReloadAssembly (117ms)
			ExecutionOrderSort (0ms)
			DisableScriptedObjects (0ms)
			BackupInstance (0ms)
			ReleaseScriptingObjects (0ms)
			CreateAndSetChildDomain (1ms)
		EndReloadAssembly (494ms)
			LoadAssemblies (117ms)
			RebuildTransferFunctionScriptingTraits (0ms)
			SetupTypeCache (106ms)
			ReleaseScriptCaches (0ms)
			RebuildScriptCaches (32ms)
			SetupLoadedEditorAssemblies (304ms)
				LogAssemblyErrors (0ms)
				InitializePlatformSupportModulesInManaged (56ms)
				SetLoadedEditorAssemblies (0ms)
				RefreshPlugins (105ms)
				BeforeProcessingInitializeOnLoad (2ms)
				ProcessInitializeOnLoadAttributes (99ms)
				ProcessInitializeOnLoadMethodAttributes (43ms)
				AfterProcessingInitializeOnLoad (0ms)
				EditorAssembliesLoaded (0ms)
			ExecutionOrderSort2 (0ms)
			AwakeInstancesAfterBackupRestoration (0ms)
Platform modules already initialized, skipping
Registering precompiled user dll's ...
Registered in 0.006870 seconds.
Begin MonoManager ReloadAssembly
Native extension for UWP target not found
Native extension for WindowsStandalone target not found
Native extension for Android target not found
Native extension for WebGL target not found
Refreshing native plugins compatible for Editor in 90.26 ms, found 3 plugins.
Preloading 0 native plugins for Editor in 0.00 ms.
Mono: successfully reloaded assembly
- Completed reload, in  1.351 seconds
Domain Reload Profiling:
	ReloadAssembly (1352ms)
		BeginReloadAssembly (213ms)
			ExecutionOrderSort (0ms)
			DisableScriptedObjects (5ms)
			BackupInstance (0ms)
			ReleaseScriptingObjects (0ms)
			CreateAndSetChildDomain (123ms)
		EndReloadAssembly (1040ms)
			LoadAssemblies (156ms)
			RebuildTransferFunctionScriptingTraits (0ms)
			SetupTypeCache (207ms)
			ReleaseScriptCaches (1ms)
			RebuildScriptCaches (56ms)
			SetupLoadedEditorAssemblies (596ms)
				LogAssemblyErrors (0ms)
				InitializePlatformSupportModulesInManaged (15ms)
				SetLoadedEditorAssemblies (0ms)
				RefreshPlugins (90ms)
				BeforeProcessingInitializeOnLoad (99ms)
				ProcessInitializeOnLoadAttributes (306ms)
				ProcessInitializeOnLoadMethodAttributes (79ms)
				AfterProcessingInitializeOnLoad (7ms)
				EditorAssembliesLoaded (0ms)
			ExecutionOrderSort2 (0ms)
			AwakeInstancesAfterBackupRestoration (5ms)
Platform modules already initialized, skipping
========================================================================
Worker process is ready to serve import requests
Launched and connected shader compiler UnityShaderCompiler.exe after 0.04 seconds
Refreshing native plugins compatible for Editor in 1.29 ms, found 3 plugins.
Preloading 0 native plugins for Editor in 0.00 ms.
Unloading 4612 Unused Serialized files (Serialized files now loaded: 0)
Unloading 55 unused Assets / (0.8 MB). Loaded Objects now: 5076.
Memory consumption went from 209.9 MB to 209.2 MB.
Total: 4.033800 ms (FindLiveObjects: 0.378700 ms CreateObjectMapping: 0.169700 ms MarkObjects: 3.226000 ms  DeleteObjects: 0.258400 ms)

AssetImportParameters requested are different than current active one (requested -> active):
  custom:video-decoder-ogg-theora: a1e56fd34408186e4bbccfd4996cb3dc -> 
  custom:container-muxer-webm: aa71ff27fc2769a1b78a27578f13a17b -> 
  custom:container-demuxer-webm: 4f35f7cbe854078d1ac9338744f61a02 -> 
  custom:video-encoder-webm-vp8: eb34c28f22e8b96e1ab97ce403110664 -> 
  custom:audio-encoder-webm-vorbis: bf7c407c2cedff20999df2af8eb42d56 -> 
  custom:framework-win-MediaFoundation: 216162199b28c13a410421893ffa2e32 -> 
  custom:container-demuxer-ogg: 62fdf1f143b41e24485cea50d1cbac27 -> 
  custom:video-decoder-webm-vp8: 9c59270c3fd7afecdb556c50c9e8de78 -> 
  custom:audio-decoder-ogg-vorbis: bf7c407c2cedff20999df2af8eb42d56 -> 
========================================================================
Received Import Request.
  Time since last request: 5769.073702 seconds.
  path: Assets/Environment Files/Level_Design_Files/Environment_Assets/Platform/Platform_Phase-1_Edit.png
  artifactKey: Guid(f14229d8e6918cb46a5005b9066e7636) Importer(815301076,1909f56bfc062723c751e8b465ee728b)
Start importing Assets/Environment Files/Level_Design_Files/Environment_Assets/Platform/Platform_Phase-1_Edit.png using Guid(f14229d8e6918cb46a5005b9066e7636) Importer(815301076,1909f56bfc062723c751e8b465ee728b)  -> (artifact id: 'c3b97a82f83d0622f9a4379f3433906e') in 0.110356 seconds 
========================================================================
Received Import Request.
  Time since last request: 119.990393 seconds.
  path: Assets/Environment Files/Level_Design_Files/Environment_Assets/Platform/Platform_Phase-1_Edit 2.png
  artifactKey: Guid(5f38fdf74b7bcbc4abff0e25374d2c4d) Importer(815301076,1909f56bfc062723c751e8b465ee728b)
Start importing Assets/Environment Files/Level_Design_Files/Environment_Assets/Platform/Platform_Phase-1_Edit 2.png using Guid(5f38fdf74b7bcbc4abff0e25374d2c4d) Importer(815301076,1909f56bfc062723c751e8b465ee728b)  -> (artifact id: '6b4952b5224e3be7fbb35c088c7890bf') in 0.109309 seconds 
========================================================================
Received Import Request.
  Time since last request: 43.002845 seconds.
  path: Assets/Environment Files/Level_Design_Files/Environment_Assets/Platform/Platform_Phase-1_Edit 2.png
  artifactKey: Guid(5f38fdf74b7bcbc4abff0e25374d2c4d) Importer(815301076,1909f56bfc062723c751e8b465ee728b)
Start importing Assets/Environment Files/Level_Design_Files/Environment_Assets/Platform/Platform_Phase-1_Edit 2.png using Guid(5f38fdf74b7bcbc4abff0e25374d2c4d) Importer(815301076,1909f56bfc062723c751e8b465ee728b)  -> (artifact id: 'fe6da25692aa75d841c42d335bc40d47') in 0.341923 seconds 
========================================================================
Received Import Request.
  Time since last request: 1184.423093 seconds.
  path: Assets/Environment Files/Level_Design_Files/Environment_Assets/BG_2/BackgroundTrees.png
  artifactKey: Guid(f8648c42c45cea1469eef0a226f300c0) Importer(815301076,1909f56bfc062723c751e8b465ee728b)
Start importing Assets/Environment Files/Level_Design_Files/Environment_Assets/BG_2/BackgroundTrees.png using Guid(f8648c42c45cea1469eef0a226f300c0) Importer(815301076,1909f56bfc062723c751e8b465ee728b)  -> (artifact id: '529121a05526cf7699c842c80f98047b') in 0.323348 seconds 
========================================================================
Received Import Request.
  Time since last request: 0.000042 seconds.
  path: Assets/Environment Files/Level_Design_Files/Environment_Assets/BG_2/Far_Cave_1.png
  artifactKey: Guid(e7943fca8fc4ee8429b15a4e13d79f08) Importer(815301076,1909f56bfc062723c751e8b465ee728b)
Start importing Assets/Environment Files/Level_Design_Files/Environment_Assets/BG_2/Far_Cave_1.png using Guid(e7943fca8fc4ee8429b15a4e13d79f08) Importer(815301076,1909f56bfc062723c751e8b465ee728b)  -> (artifact id: '0b8385aaa30cc16e4e490bd70f18e3d0') in 1.496820 seconds 
========================================================================
Received Import Request.
  Time since last request: 2155.714341 seconds.
  path: Assets/Environment Files/Level_Design_Files/Environment_Assets/Smaller_Assets/Shrines/FullCastle.png
  artifactKey: Guid(7644500aded070a45b22443fe162a0b2) Importer(815301076,1909f56bfc062723c751e8b465ee728b)
Start importing Assets/Environment Files/Level_Design_Files/Environment_Assets/Smaller_Assets/Shrines/FullCastle.png using Guid(7644500aded070a45b22443fe162a0b2) Importer(815301076,1909f56bfc062723c751e8b465ee728b)  -> (artifact id: '12b8b8e95374667076362f11d77cbe64') in 0.188367 seconds 
========================================================================
Received Import Request.
  Time since last request: 0.000049 seconds.
  path: Assets/Environment Files/Level_Design_Files/Environment_Assets/Smaller_Assets/Shrines/Shrine-2.png
  artifactKey: Guid(5eea13a25f5302b43b2946173df5d3a7) Importer(815301076,1909f56bfc062723c751e8b465ee728b)
Start importing Assets/Environment Files/Level_Design_Files/Environment_Assets/Smaller_Assets/Shrines/Shrine-2.png using Guid(5eea13a25f5302b43b2946173df5d3a7) Importer(815301076,1909f56bfc062723c751e8b465ee728b)  -> (artifact id: '9574c5dcb43ed1d77981bded6859983c') in 0.101643 seconds 
========================================================================
Received Import Request.
  Time since last request: 702.859333 seconds.
  path: Assets/Environment Files/VillageSprites/GroundLayer/Background ground/1.png
  artifactKey: Guid(54cba84360758724b9a69cce33c31392) Importer(815301076,1909f56bfc062723c751e8b465ee728b)
Start importing Assets/Environment Files/VillageSprites/GroundLayer/Background ground/1.png using Guid(54cba84360758724b9a69cce33c31392) Importer(815301076,1909f56bfc062723c751e8b465ee728b)  -> (artifact id: '9ade58b154b367c14d2aa56625163550') in 0.187950 seconds 
========================================================================
Received Import Request.
  Time since last request: 0.000026 seconds.
  path: Assets/Environment Files/VillageSprites/GroundLayer/Background ground/n3-edit.png
  artifactKey: Guid(397dd4c1c949d3448b9085f56589c9d7) Importer(815301076,1909f56bfc062723c751e8b465ee728b)
Start importing Assets/Environment Files/VillageSprites/GroundLayer/Background ground/n3-edit.png using Guid(397dd4c1c949d3448b9085f56589c9d7) Importer(815301076,1909f56bfc062723c751e8b465ee728b)  -> (artifact id: 'aa6083f756edb6cfe8eb053e3c1cbcf9') in 0.291155 seconds 
========================================================================
Received Import Request.
  Time since last request: 0.000031 seconds.
  path: Assets/Environment Files/VillageSprites/GroundLayer/Background ground/d1.png
  artifactKey: Guid(cfc83e9679be16f4a96e233487a768f4) Importer(815301076,1909f56bfc062723c751e8b465ee728b)
Start importing Assets/Environment Files/VillageSprites/GroundLayer/Background ground/d1.png using Guid(cfc83e9679be16f4a96e233487a768f4) Importer(815301076,1909f56bfc062723c751e8b465ee728b)  -> (artifact id: '048601a07a4438580afa609508e2bf9f') in 0.216236 seconds 
========================================================================
Received Import Request.
  Time since last request: 0.000022 seconds.
  path: Assets/Environment Files/VillageSprites/GroundLayer/Background ground/n3.png
  artifactKey: Guid(0198a69bf1a4d5948ba23fde573bdc2c) Importer(815301076,1909f56bfc062723c751e8b465ee728b)
Start importing Assets/Environment Files/VillageSprites/GroundLayer/Background ground/n3.png using Guid(0198a69bf1a4d5948ba23fde573bdc2c) Importer(815301076,1909f56bfc062723c751e8b465ee728b)  -> (artifact id: '4c0866d721383c43af7b76f59c39f1c1') in 0.036721 seconds 
========================================================================
Received Import Request.
  Time since last request: 0.000024 seconds.
  path: Assets/Environment Files/VillageSprites/GroundLayer/Background ground/n8.png
  artifactKey: Guid(e2f98657fc60c99448974984bc2db642) Importer(815301076,1909f56bfc062723c751e8b465ee728b)
Start importing Assets/Environment Files/VillageSprites/GroundLayer/Background ground/n8.png using Guid(e2f98657fc60c99448974984bc2db642) Importer(815301076,1909f56bfc062723c751e8b465ee728b)  -> (artifact id: '025f6e3ecefd30f8eeee752d7089c345') in 0.032841 seconds 
========================================================================
Received Import Request.
  Time since last request: 0.000030 seconds.
  path: Assets/Environment Files/VillageSprites/GroundLayer/Background ground/n7.png
  artifactKey: Guid(55619f110a9b34b43b15723899f24c2f) Importer(815301076,1909f56bfc062723c751e8b465ee728b)
Start importing Assets/Environment Files/VillageSprites/GroundLayer/Background ground/n7.png using Guid(55619f110a9b34b43b15723899f24c2f) Importer(815301076,1909f56bfc062723c751e8b465ee728b)  -> (artifact id: '69cc19c08e75770b92c3cf0a1cfe3585') in 0.034100 seconds 
========================================================================
Received Import Request.
  Time since last request: 0.000023 seconds.
  path: Assets/Environment Files/VillageSprites/GroundLayer/Background ground/3.png
  artifactKey: Guid(343ca92942c2dc5498100029779990d9) Importer(815301076,1909f56bfc062723c751e8b465ee728b)
Start importing Assets/Environment Files/VillageSprites/GroundLayer/Background ground/3.png using Guid(343ca92942c2dc5498100029779990d9) Importer(815301076,1909f56bfc062723c751e8b465ee728b)  -> (artifact id: '0db1100f37d7b478d673e5dffe9e3974') in 0.117248 seconds 
========================================================================
Received Import Request.
  Time since last request: 4870.786376 seconds.
  path: Assets/Environment Files/VillageSprites/VFX/NewClouds/1/Smoke 1_100.png
  artifactKey: Guid(8e318383598af794c9c2e40ab6435e53) Importer(815301076,1909f56bfc062723c751e8b465ee728b)
Start importing Assets/Environment Files/VillageSprites/VFX/NewClouds/1/Smoke 1_100.png using Guid(8e318383598af794c9c2e40ab6435e53) Importer(815301076,1909f56bfc062723c751e8b465ee728b)  -> (artifact id: '0bed128abf0566cd52afeb38a9815505') in 0.196711 seconds 
========================================================================
Received Import Request.
  Time since last request: 0.000083 seconds.
  path: Assets/Environment Files/VillageSprites/VFX/NewClouds/1/Smoke 1_108.png
  artifactKey: Guid(0bd152b767812a145bc292484e6e0725) Importer(815301076,1909f56bfc062723c751e8b465ee728b)
Start importing Assets/Environment Files/VillageSprites/VFX/NewClouds/1/Smoke 1_108.png using Guid(0bd152b767812a145bc292484e6e0725) Importer(815301076,1909f56bfc062723c751e8b465ee728b)  -> (artifact id: '98ea8131aa22e35cd20760da06bd4942') in 0.107668 seconds 
========================================================================
Received Import Request.
  Time since last request: 0.000048 seconds.
  path: Assets/Environment Files/VillageSprites/VFX/NewClouds/1/Smoke 1_105.png
  artifactKey: Guid(8c019f983ffe8f54da034e39c0b8813b) Importer(815301076,1909f56bfc062723c751e8b465ee728b)
Start importing Assets/Environment Files/VillageSprites/VFX/NewClouds/1/Smoke 1_105.png using Guid(8c019f983ffe8f54da034e39c0b8813b) Importer(815301076,1909f56bfc062723c751e8b465ee728b)  -> (artifact id: '3ebdf0f031282dac819be438029c3b65') in 0.095965 seconds 
========================================================================
Received Import Request.
  Time since last request: 0.000059 seconds.
  path: Assets/Environment Files/VillageSprites/VFX/NewClouds/1/Smoke 1_112.png
  artifactKey: Guid(10aec277c5ae5214582e1d9aecdc834f) Importer(815301076,1909f56bfc062723c751e8b465ee728b)
Start importing Assets/Environment Files/VillageSprites/VFX/NewClouds/1/Smoke 1_112.png using Guid(10aec277c5ae5214582e1d9aecdc834f) Importer(815301076,1909f56bfc062723c751e8b465ee728b)  -> (artifact id: 'd3b34f93f859538f1e24db754193c2c1') in 0.093206 seconds 
========================================================================
Received Import Request.
  Time since last request: 0.000046 seconds.
  path: Assets/Environment Files/VillageSprites/VFX/NewClouds/1/Smoke 1_107.png
  artifactKey: Guid(1b0096aef6697f34faf4a9aa02996aaf) Importer(815301076,1909f56bfc062723c751e8b465ee728b)
Start importing Assets/Environment Files/VillageSprites/VFX/NewClouds/1/Smoke 1_107.png using Guid(1b0096aef6697f34faf4a9aa02996aaf) Importer(815301076,1909f56bfc062723c751e8b465ee728b)  -> (artifact id: '1c48b7adea5b2d2a8ba251dfe0f67d49') in 0.100909 seconds 
========================================================================
Received Import Request.
  Time since last request: 0.000055 seconds.
  path: Assets/Environment Files/VillageSprites/VFX/NewClouds/1/Smoke 1_113.png
  artifactKey: Guid(d032645a2df366c4285dcf32bc04ebb4) Importer(815301076,1909f56bfc062723c751e8b465ee728b)
Start importing Assets/Environment Files/VillageSprites/VFX/NewClouds/1/Smoke 1_113.png using Guid(d032645a2df366c4285dcf32bc04ebb4) Importer(815301076,1909f56bfc062723c751e8b465ee728b)  -> (artifact id: '91b6ad585a0f19c51e317a61744c930c') in 0.082521 seconds 
========================================================================
Received Import Request.
  Time since last request: 0.000026 seconds.
  path: Assets/Environment Files/VillageSprites/VFX/NewClouds/1/Smoke 1_106.png
  artifactKey: Guid(921e17a07d00bb545bad04f4098b8020) Importer(815301076,1909f56bfc062723c751e8b465ee728b)
Start importing Assets/Environment Files/VillageSprites/VFX/NewClouds/1/Smoke 1_106.png using Guid(921e17a07d00bb545bad04f4098b8020) Importer(815301076,1909f56bfc062723c751e8b465ee728b)  -> (artifact id: '68f938cbeb9fc19e568039a8fcce5556') in 0.092216 seconds 
========================================================================
Received Import Request.
  Time since last request: 0.000032 seconds.
  path: Assets/Environment Files/VillageSprites/VFX/NewClouds/1/Smoke 1_115.png
  artifactKey: Guid(133c21a38fcd020479f800a2566225a4) Importer(815301076,1909f56bfc062723c751e8b465ee728b)
Start importing Assets/Environment Files/VillageSprites/VFX/NewClouds/1/Smoke 1_115.png using Guid(133c21a38fcd020479f800a2566225a4) Importer(815301076,1909f56bfc062723c751e8b465ee728b)  -> (artifact id: 'b645109d9a8d1261cff04a607dfcfbaf') in 0.090140 seconds 
========================================================================
Received Import Request.
  Time since last request: 0.000041 seconds.
  path: Assets/Environment Files/VillageSprites/VFX/NewClouds/1/Smoke 1_119.png
  artifactKey: Guid(c3bfad843d5139e4bb67942c1bd6d5f9) Importer(815301076,1909f56bfc062723c751e8b465ee728b)
Start importing Assets/Environment Files/VillageSprites/VFX/NewClouds/1/Smoke 1_119.png using Guid(c3bfad843d5139e4bb67942c1bd6d5f9) Importer(815301076,1909f56bfc062723c751e8b465ee728b)  -> (artifact id: 'd027ea3d975f23910f8fc0b39b46a4a7') in 0.143009 seconds 
========================================================================
Received Import Request.
  Time since last request: 0.000038 seconds.
  path: Assets/Environment Files/VillageSprites/VFX/NewClouds/1/Smoke 1_114.png
  artifactKey: Guid(80a97b4b6fe563f4dbc6bd6b5c549123) Importer(815301076,1909f56bfc062723c751e8b465ee728b)
Start importing Assets/Environment Files/VillageSprites/VFX/NewClouds/1/Smoke 1_114.png using Guid(80a97b4b6fe563f4dbc6bd6b5c549123) Importer(815301076,1909f56bfc062723c751e8b465ee728b)  -> (artifact id: '8b3270aed0844fdda2c9d52c9e1f3e28') in 0.093998 seconds 
========================================================================
Received Import Request.
  Time since last request: 9239.246106 seconds.
  path: Assets/Environment Files/Prefabs/Canvas.prefab
  artifactKey: Guid(c8402aaf096d5324daa5946770ecb3f2) Importer(815301076,1909f56bfc062723c751e8b465ee728b)
Start importing Assets/Environment Files/Prefabs/Canvas.prefab using Guid(c8402aaf096d5324daa5946770ecb3f2) Importer(815301076,1909f56bfc062723c751e8b465ee728b)  -> (artifact id: '027b727d089047889f1efb9240f6fc09') in 0.372725 seconds 
========================================================================
Received Import Request.
  Time since last request: 0.000081 seconds.
  path: Assets/Environment Files/Prefabs/WaterfallObject.prefab
  artifactKey: Guid(abda2f9780fcc764699a6004cded0433) Importer(815301076,1909f56bfc062723c751e8b465ee728b)
Start importing Assets/Environment Files/Prefabs/WaterfallObject.prefab using Guid(abda2f9780fcc764699a6004cded0433) Importer(815301076,1909f56bfc062723c751e8b465ee728b)  -> (artifact id: '9f799aa69be3009d1307f1d48d7b352a') in 1.880705 seconds 
========================================================================
Received Import Request.
  Time since last request: 3.201061 seconds.
  path: Packages/com.unity.2d.spriteshape/Editor/ObjectMenuCreation/DefaultAssets/Sprite Shapes/Closed Sprite Shape.prefab
  artifactKey: Guid(c0583b4e855c74b8c82e7b9b5efb5ce9) Importer(815301076,1909f56bfc062723c751e8b465ee728b)
Start importing Packages/com.unity.2d.spriteshape/Editor/ObjectMenuCreation/DefaultAssets/Sprite Shapes/Closed Sprite Shape.prefab using Guid(c0583b4e855c74b8c82e7b9b5efb5ce9) Importer(815301076,1909f56bfc062723c751e8b465ee728b)  -> (artifact id: '0dbe846f8287c47bce7ec9e2454862b0') in 0.092286 seconds 
========================================================================
Received Import Request.
  Time since last request: 0.000025 seconds.
  path: Packages/com.unity.render-pipelines.core/Runtime/Debugging/Prefabs/Widgets/DebugUIButton.prefab
  artifactKey: Guid(f6ce33b91f6ffe54cadacbf4bb112440) Importer(815301076,1909f56bfc062723c751e8b465ee728b)
Start importing Packages/com.unity.render-pipelines.core/Runtime/Debugging/Prefabs/Widgets/DebugUIButton.prefab using Guid(f6ce33b91f6ffe54cadacbf4bb112440) Importer(815301076,1909f56bfc062723c751e8b465ee728b)  -> (artifact id: 'e556284da227e77f2c59e691968fecac') in 0.022276 seconds 
========================================================================
Received Import Request.
  Time since last request: 0.000032 seconds.
  path: Packages/com.unity.render-pipelines.core/Runtime/Debugging/Prefabs/Widgets/DebugUIEnumHistory.prefab
  artifactKey: Guid(b2da6b27df236b144b3516ed8e7d36ac) Importer(815301076,1909f56bfc062723c751e8b465ee728b)
Start importing Packages/com.unity.render-pipelines.core/Runtime/Debugging/Prefabs/Widgets/DebugUIEnumHistory.prefab using Guid(b2da6b27df236b144b3516ed8e7d36ac) Importer(815301076,1909f56bfc062723c751e8b465ee728b)  -> (artifact id: '7a03f375a9c607b7a6002aee93558aa0') in 0.010057 seconds 
========================================================================
Received Import Request.
  Time since last request: 0.000021 seconds.
  path: Packages/com.unity.render-pipelines.core/Runtime/Debugging/Prefabs/Widgets/DebugUIGroup.prefab
  artifactKey: Guid(38a07789c9e87004dad98c2909f58369) Importer(815301076,1909f56bfc062723c751e8b465ee728b)
Start importing Packages/com.unity.render-pipelines.core/Runtime/Debugging/Prefabs/Widgets/DebugUIGroup.prefab using Guid(38a07789c9e87004dad98c2909f58369) Importer(815301076,1909f56bfc062723c751e8b465ee728b)  -> (artifact id: 'f8128aa0b1f76ac413fecdcd5929e9ea') in 0.011146 seconds 
========================================================================
Received Import Request.
  Time since last request: 0.000024 seconds.
  path: Packages/com.unity.render-pipelines.core/Runtime/Debugging/Prefabs/Resources/DebugUIPersistentCanvas.prefab
  artifactKey: Guid(f6b1a0fe75d5009449cf55ae76220e2b) Importer(815301076,1909f56bfc062723c751e8b465ee728b)
Start importing Packages/com.unity.render-pipelines.core/Runtime/Debugging/Prefabs/Resources/DebugUIPersistentCanvas.prefab using Guid(f6b1a0fe75d5009449cf55ae76220e2b) Importer(815301076,1909f56bfc062723c751e8b465ee728b)  -> (artifact id: '535135aae130f0fbb4097625667ffddc') in 0.014434 seconds 
========================================================================
Received Import Request.
  Time since last request: 0.000026 seconds.
  path: Packages/com.unity.render-pipelines.core/Runtime/Debugging/Prefabs/Widgets/DebugUIVector3.prefab
  artifactKey: Guid(94afea5f242d72547979595ba963f335) Importer(815301076,1909f56bfc062723c751e8b465ee728b)
Start importing Packages/com.unity.render-pipelines.core/Runtime/Debugging/Prefabs/Widgets/DebugUIVector3.prefab using Guid(94afea5f242d72547979595ba963f335) Importer(815301076,1909f56bfc062723c751e8b465ee728b)  -> (artifact id: '3bb57d8a336081e91af7bdf74b294d35') in 0.022044 seconds 
========================================================================
Received Import Request.
  Time since last request: 0.000040 seconds.
  path: Packages/com.unity.render-pipelines.core/Runtime/Debugging/Prefabs/Widgets/DebugUIMessageBox.prefab
  artifactKey: Guid(10a25524b0986f9488b430e2829bbbe8) Importer(815301076,1909f56bfc062723c751e8b465ee728b)
Start importing Packages/com.unity.render-pipelines.core/Runtime/Debugging/Prefabs/Widgets/DebugUIMessageBox.prefab using Guid(10a25524b0986f9488b430e2829bbbe8) Importer(815301076,1909f56bfc062723c751e8b465ee728b)  -> (artifact id: '33f954a5cfe326d03c12873d9b35a1a2') in 0.011140 seconds 
========================================================================
Received Import Request.
  Time since last request: 0.000030 seconds.
  path: Packages/com.unity.render-pipelines.core/Runtime/Debugging/Prefabs/Widgets/DebugUIToggleHistory.prefab
  artifactKey: Guid(5088d0220f0c4df439cf06c5c270eacb) Importer(815301076,1909f56bfc062723c751e8b465ee728b)
Start importing Packages/com.unity.render-pipelines.core/Runtime/Debugging/Prefabs/Widgets/DebugUIToggleHistory.prefab using Guid(5088d0220f0c4df439cf06c5c270eacb) Importer(815301076,1909f56bfc062723c751e8b465ee728b)  -> (artifact id: '8e0310ecdcf5bf4fb4bbd88a3bdc159a') in 0.014515 seconds 
========================================================================
Received Import Request.
  Time since last request: 0.000034 seconds.
  path: Packages/com.unity.render-pipelines.core/Runtime/Debugging/Prefabs/Widgets/DebugUIFoldout.prefab
  artifactKey: Guid(1c87ab2ce8b8b304d98fbe9a734b1f74) Importer(815301076,1909f56bfc062723c751e8b465ee728b)
Start importing Packages/com.unity.render-pipelines.core/Runtime/Debugging/Prefabs/Widgets/DebugUIFoldout.prefab using Guid(1c87ab2ce8b8b304d98fbe9a734b1f74) Importer(815301076,1909f56bfc062723c751e8b465ee728b)  -> (artifact id: '8e6e968134756add51e98fb35fc2b8c1') in 0.011907 seconds 
========================================================================
Received Import Request.
  Time since last request: 0.000059 seconds.
  path: Packages/com.unity.render-pipelines.core/Runtime/Debugging/Prefabs/Widgets/DebugUIFloatField.prefab
  artifactKey: Guid(d8c744701b43c864b88e7f8144e19bc5) Importer(815301076,1909f56bfc062723c751e8b465ee728b)
Start importing Packages/com.unity.render-pipelines.core/Runtime/Debugging/Prefabs/Widgets/DebugUIFloatField.prefab using Guid(d8c744701b43c864b88e7f8144e19bc5) Importer(815301076,1909f56bfc062723c751e8b465ee728b)  -> (artifact id: 'af6cd7eb0719c3988a0793a47d6c68f3') in 0.012390 seconds 
========================================================================
Received Import Request.
  Time since last request: 0.000040 seconds.
  path: Packages/com.unity.render-pipelines.core/Runtime/Debugging/Prefabs/Widgets/DebugUIColor.prefab
  artifactKey: Guid(77c185820dd1a464eac89cae3abccddf) Importer(815301076,1909f56bfc062723c751e8b465ee728b)
Start importing Packages/com.unity.render-pipelines.core/Runtime/Debugging/Prefabs/Widgets/DebugUIColor.prefab using Guid(77c185820dd1a464eac89cae3abccddf) Importer(815301076,1909f56bfc062723c751e8b465ee728b)  -> (artifact id: 'eabe2cf93ade40f14f0f25d335782ce1') in 0.011822 seconds 
========================================================================
Received Import Request.
  Time since last request: 0.000021 seconds.
  path: Packages/com.unity.render-pipelines.core/Runtime/Debugging/Prefabs/Widgets/DebugUIVector4.prefab
  artifactKey: Guid(d47f009476100f545971a81ede14c750) Importer(815301076,1909f56bfc062723c751e8b465ee728b)
Start importing Packages/com.unity.render-pipelines.core/Runtime/Debugging/Prefabs/Widgets/DebugUIVector4.prefab using Guid(d47f009476100f545971a81ede14c750) Importer(815301076,1909f56bfc062723c751e8b465ee728b)  -> (artifact id: '03140e605e0dfc495730865a8c05b23b') in 0.012087 seconds 
========================================================================
Received Import Request.
  Time since last request: 0.000023 seconds.
  path: Packages/com.unity.render-pipelines.core/Runtime/Debugging/Prefabs/Widgets/DebugUIEnumField.prefab
  artifactKey: Guid(988db55689193434fb0b3b89538f978f) Importer(815301076,1909f56bfc062723c751e8b465ee728b)
Start importing Packages/com.unity.render-pipelines.core/Runtime/Debugging/Prefabs/Widgets/DebugUIEnumField.prefab using Guid(988db55689193434fb0b3b89538f978f) Importer(815301076,1909f56bfc062723c751e8b465ee728b)  -> (artifact id: 'ec64e687839f625dd0e059b9455fe28f') in 0.010712 seconds 
========================================================================
Received Import Request.
  Time since last request: 0.000045 seconds.
  path: Packages/com.unity.render-pipelines.core/Runtime/Debugging/Prefabs/Widgets/DebugUIVBox.prefab
  artifactKey: Guid(ca3e294656861a64b8aeeb9f916da0a9) Importer(815301076,1909f56bfc062723c751e8b465ee728b)
Start importing Packages/com.unity.render-pipelines.core/Runtime/Debugging/Prefabs/Widgets/DebugUIVBox.prefab using Guid(ca3e294656861a64b8aeeb9f916da0a9) Importer(815301076,1909f56bfc062723c751e8b465ee728b)  -> (artifact id: 'e79696f7d807f35ca0c68b89051e38b8') in 0.009195 seconds 
========================================================================
Received Import Request.
  Time since last request: 0.000030 seconds.
  path: Packages/com.unity.render-pipelines.core/Runtime/Debugging/Prefabs/Widgets/DebugUIToggle.prefab
  artifactKey: Guid(ce347ad101f41ee4ab5c3fbc0ea447db) Importer(815301076,1909f56bfc062723c751e8b465ee728b)
Start importing Packages/com.unity.render-pipelines.core/Runtime/Debugging/Prefabs/Widgets/DebugUIToggle.prefab using Guid(ce347ad101f41ee4ab5c3fbc0ea447db) Importer(815301076,1909f56bfc062723c751e8b465ee728b)  -> (artifact id: '5aadb86003257c51f31cca9753ad039e') in 0.011097 seconds 
========================================================================
Received Import Request.
  Time since last request: 2.193557 seconds.
  path: Packages/com.unity.2d.spriteshape/Editor/ObjectMenuCreation/DefaultAssets/Sprite Shapes/Open Sprite Shape.prefab
  artifactKey: Guid(86ae7de409eb54f619fb1328e4d42480) Importer(815301076,1909f56bfc062723c751e8b465ee728b)
Start importing Packages/com.unity.2d.spriteshape/Editor/ObjectMenuCreation/DefaultAssets/Sprite Shapes/Open Sprite Shape.prefab using Guid(86ae7de409eb54f619fb1328e4d42480) Importer(815301076,1909f56bfc062723c751e8b465ee728b)  -> (artifact id: 'de1db5f977f6b48b3557bb5ee7ba19c8') in 0.020814 seconds 
========================================================================
Received Import Request.
  Time since last request: 2.206955 seconds.
  path: Assets/Tile Map/Palletes/Tile Set 1.prefab
  artifactKey: Guid(6b9f22f3a332b4d4383981ae141f3b6b) Importer(815301076,1909f56bfc062723c751e8b465ee728b)
Start importing Assets/Tile Map/Palletes/Tile Set 1.prefab using Guid(6b9f22f3a332b4d4383981ae141f3b6b) Importer(815301076,1909f56bfc062723c751e8b465ee728b)  -> (artifact id: '0af2fb745b8b099ede1dce1e2a2e4802') in 0.148070 seconds 
