Using pre-set license
Built from '2021.3/staging' branch; Version is '2021.3.4f1 (cb45f9cae8b7) revision 13321721'; Using compiler version '192829333'; Build Type 'Release'
OS: 'Windows 10  (10.0.19044) 64bit Professional' Language: 'en' Physical Memory: 16085 MB
BatchMode: 1, IsHumanControllingUs: 0, StartBugReporterOnCrash: 0, Is64bit: 1, IsPro: 1

COMMAND LINE ARGUMENTS:
C:\Program Files\Unity\Hub\Editor\2021.3.4f1\Editor\Unity.exe
-adb2
-batchMode
-noUpm
-name
AssetImportWorker1
-projectPath
C:/Users/Rajarshi/Desktop/Project_Files/IncubatorProject/Incubator-Project - Backup/Backup-test-merge/Incubator-Project-Test_Merge
-logFile
Logs/AssetImportWorker1.log
-srvPort
63302
Successfully changed project path to: C:/Users/Rajarshi/Desktop/Project_Files/IncubatorProject/Incubator-Project - Backup/Backup-test-merge/Incubator-Project-Test_Merge
C:/Users/Rajarshi/Desktop/Project_Files/IncubatorProject/Incubator-Project - Backup/Backup-test-merge/Incubator-Project-Test_Merge
[UnityMemory] Configuration Parameters - Can be set up in boot.config
    "memorysetup-bucket-allocator-granularity=16"
    "memorysetup-bucket-allocator-bucket-count=8"
    "memorysetup-bucket-allocator-block-size=33554432"
    "memorysetup-bucket-allocator-block-count=8"
    "memorysetup-main-allocator-block-size=16777216"
    "memorysetup-thread-allocator-block-size=16777216"
    "memorysetup-gfx-main-allocator-block-size=16777216"
    "memorysetup-gfx-thread-allocator-block-size=16777216"
    "memorysetup-cache-allocator-block-size=4194304"
    "memorysetup-typetree-allocator-block-size=2097152"
    "memorysetup-profiler-bucket-allocator-granularity=16"
    "memorysetup-profiler-bucket-allocator-bucket-count=8"
    "memorysetup-profiler-bucket-allocator-block-size=33554432"
    "memorysetup-profiler-bucket-allocator-block-count=8"
    "memorysetup-profiler-allocator-block-size=16777216"
    "memorysetup-profiler-editor-allocator-block-size=1048576"
    "memorysetup-temp-allocator-size-main=16777216"
    "memorysetup-job-temp-allocator-block-size=2097152"
    "memorysetup-job-temp-allocator-block-size-background=1048576"
    "memorysetup-job-temp-allocator-reduction-small-platforms=262144"
    "memorysetup-temp-allocator-size-background-worker=32768"
    "memorysetup-temp-allocator-size-job-worker=262144"
    "memorysetup-temp-allocator-size-preload-manager=33554432"
    "memorysetup-temp-allocator-size-nav-mesh-worker=65536"
    "memorysetup-temp-allocator-size-audio-worker=65536"
    "memorysetup-temp-allocator-size-cloud-worker=32768"
    "memorysetup-temp-allocator-size-gi-baking-worker=262144"
    "memorysetup-temp-allocator-size-gfx=262144"
Refreshing native plugins compatible for Editor in 127.44 ms, found 3 plugins.
Preloading 0 native plugins for Editor in 0.00 ms.
Initialize engine version: 2021.3.4f1 (cb45f9cae8b7)
[Subsystems] Discovering subsystems at path C:/Program Files/Unity/Hub/Editor/2021.3.4f1/Editor/Data/Resources/UnitySubsystems
[Subsystems] Discovering subsystems at path C:/Users/Rajarshi/Desktop/Project_Files/IncubatorProject/Incubator-Project - Backup/Backup-test-merge/Incubator-Project-Test_Merge/Assets
GfxDevice: creating device client; threaded=0; jobified=0
Direct3D:
    Version:  Direct3D 11.0 [level 11.1]
    Renderer: NVIDIA GeForce RTX 3070 Laptop GPU (ID=0x249d)
    Vendor:   NVIDIA
    VRAM:     8044 MB
    Driver:   30.0.14.7141
Initialize mono
Mono path[0] = 'C:/Program Files/Unity/Hub/Editor/2021.3.4f1/Editor/Data/Managed'
Mono path[1] = 'C:/Program Files/Unity/Hub/Editor/2021.3.4f1/Editor/Data/MonoBleedingEdge/lib/mono/unityjit-win32'
Mono config path = 'C:/Program Files/Unity/Hub/Editor/2021.3.4f1/Editor/Data/MonoBleedingEdge/etc'
Using monoOptions --debugger-agent=transport=dt_socket,embedding=1,server=y,suspend=n,address=127.0.0.1:56244
Begin MonoManager ReloadAssembly
Registering precompiled unity dll's ...
Register platform support module: C:/Program Files/Unity/Hub/Editor/2021.3.4f1/Editor/Data/PlaybackEngines/WebGLSupport/UnityEditor.WebGL.Extensions.dll
Register platform support module: C:/Program Files/Unity/Hub/Editor/2021.3.4f1/Editor/Data/PlaybackEngines/AndroidPlayer/UnityEditor.Android.Extensions.dll
Register platform support module: C:/Program Files/Unity/Hub/Editor/2021.3.4f1/Editor/Data/PlaybackEngines/WindowsStandaloneSupport/UnityEditor.WindowsStandalone.Extensions.dll
Register platform support module: C:/Program Files/Unity/Hub/Editor/2021.3.4f1/Editor/Data/PlaybackEngines/MetroSupport/UnityEditor.UWP.Extensions.dll
Registered in 0.012691 seconds.
Native extension for UWP target not found
Native extension for WindowsStandalone target not found
Native extension for Android target not found
Native extension for WebGL target not found
Refreshing native plugins compatible for Editor in 104.71 ms, found 3 plugins.
Preloading 0 native plugins for Editor in 0.00 ms.
Mono: successfully reloaded assembly
- Completed reload, in  0.745 seconds
Domain Reload Profiling:
	ReloadAssembly (745ms)
		BeginReloadAssembly (121ms)
			ExecutionOrderSort (0ms)
			DisableScriptedObjects (0ms)
			BackupInstance (0ms)
			ReleaseScriptingObjects (0ms)
			CreateAndSetChildDomain (1ms)
		EndReloadAssembly (494ms)
			LoadAssemblies (119ms)
			RebuildTransferFunctionScriptingTraits (0ms)
			SetupTypeCache (105ms)
			ReleaseScriptCaches (0ms)
			RebuildScriptCaches (32ms)
			SetupLoadedEditorAssemblies (308ms)
				LogAssemblyErrors (0ms)
				InitializePlatformSupportModulesInManaged (58ms)
				SetLoadedEditorAssemblies (0ms)
				RefreshPlugins (105ms)
				BeforeProcessingInitializeOnLoad (2ms)
				ProcessInitializeOnLoadAttributes (98ms)
				ProcessInitializeOnLoadMethodAttributes (45ms)
				AfterProcessingInitializeOnLoad (0ms)
				EditorAssembliesLoaded (0ms)
			ExecutionOrderSort2 (0ms)
			AwakeInstancesAfterBackupRestoration (0ms)
Platform modules already initialized, skipping
Registering precompiled user dll's ...
Registered in 0.006512 seconds.
Begin MonoManager ReloadAssembly
Native extension for UWP target not found
Native extension for WindowsStandalone target not found
Native extension for Android target not found
Native extension for WebGL target not found
Refreshing native plugins compatible for Editor in 89.98 ms, found 3 plugins.
Preloading 0 native plugins for Editor in 0.00 ms.
Mono: successfully reloaded assembly
- Completed reload, in  1.362 seconds
Domain Reload Profiling:
	ReloadAssembly (1363ms)
		BeginReloadAssembly (213ms)
			ExecutionOrderSort (0ms)
			DisableScriptedObjects (5ms)
			BackupInstance (0ms)
			ReleaseScriptingObjects (0ms)
			CreateAndSetChildDomain (124ms)
		EndReloadAssembly (1051ms)
			LoadAssemblies (195ms)
			RebuildTransferFunctionScriptingTraits (0ms)
			SetupTypeCache (193ms)
			ReleaseScriptCaches (1ms)
			RebuildScriptCaches (54ms)
			SetupLoadedEditorAssemblies (584ms)
				LogAssemblyErrors (0ms)
				InitializePlatformSupportModulesInManaged (13ms)
				SetLoadedEditorAssemblies (0ms)
				RefreshPlugins (90ms)
				BeforeProcessingInitializeOnLoad (98ms)
				ProcessInitializeOnLoadAttributes (301ms)
				ProcessInitializeOnLoadMethodAttributes (75ms)
				AfterProcessingInitializeOnLoad (7ms)
				EditorAssembliesLoaded (0ms)
			ExecutionOrderSort2 (0ms)
			AwakeInstancesAfterBackupRestoration (5ms)
Platform modules already initialized, skipping
========================================================================
Worker process is ready to serve import requests
Launched and connected shader compiler UnityShaderCompiler.exe after 0.05 seconds
Refreshing native plugins compatible for Editor in 1.17 ms, found 3 plugins.
Preloading 0 native plugins for Editor in 0.00 ms.
Unloading 4612 Unused Serialized files (Serialized files now loaded: 0)
Unloading 55 unused Assets / (0.8 MB). Loaded Objects now: 5076.
Memory consumption went from 209.9 MB to 209.2 MB.
Total: 3.744900 ms (FindLiveObjects: 0.389300 ms CreateObjectMapping: 0.136300 ms MarkObjects: 2.941700 ms  DeleteObjects: 0.276700 ms)

AssetImportParameters requested are different than current active one (requested -> active):
  custom:video-decoder-ogg-theora: a1e56fd34408186e4bbccfd4996cb3dc -> 
  custom:container-muxer-webm: aa71ff27fc2769a1b78a27578f13a17b -> 
  custom:container-demuxer-webm: 4f35f7cbe854078d1ac9338744f61a02 -> 
  custom:video-encoder-webm-vp8: eb34c28f22e8b96e1ab97ce403110664 -> 
  custom:audio-encoder-webm-vorbis: bf7c407c2cedff20999df2af8eb42d56 -> 
  custom:framework-win-MediaFoundation: 216162199b28c13a410421893ffa2e32 -> 
  custom:container-demuxer-ogg: 62fdf1f143b41e24485cea50d1cbac27 -> 
  custom:video-decoder-webm-vp8: 9c59270c3fd7afecdb556c50c9e8de78 -> 
  custom:audio-decoder-ogg-vorbis: bf7c407c2cedff20999df2af8eb42d56 -> 
========================================================================
Received Import Request.
  Time since last request: 5675.437318 seconds.
  path: Assets/Environment Files/Level_Design_Files/Environment_Assets/Platform/Platform_Phase-1_Edit.png
  artifactKey: Guid(f14229d8e6918cb46a5005b9066e7636) Importer(815301076,1909f56bfc062723c751e8b465ee728b)
Start importing Assets/Environment Files/Level_Design_Files/Environment_Assets/Platform/Platform_Phase-1_Edit.png using Guid(f14229d8e6918cb46a5005b9066e7636) Importer(815301076,1909f56bfc062723c751e8b465ee728b)  -> (artifact id: 'cc0139241f843b14a7a8977ccc4026ba') in 0.108148 seconds 
========================================================================
Received Import Request.
  Time since last request: 1441.531334 seconds.
  path: Assets/Environment Files/Level_Design_Files/Environment_Assets/BG_2/BG_Big_Waterfall.png
  artifactKey: Guid(853c7c2fb786f3d468220327ad4cf624) Importer(815301076,1909f56bfc062723c751e8b465ee728b)
Start importing Assets/Environment Files/Level_Design_Files/Environment_Assets/BG_2/BG_Big_Waterfall.png using Guid(853c7c2fb786f3d468220327ad4cf624) Importer(815301076,1909f56bfc062723c751e8b465ee728b)  -> (artifact id: '759f7ab81c195d5f657c5670d4ec4a7a') in 1.190210 seconds 
========================================================================
Received Import Request.
  Time since last request: 0.000037 seconds.
  path: Assets/Environment Files/Level_Design_Files/Environment_Assets/BG_2/Sky.png
  artifactKey: Guid(6d7f62982e460954fb896ae8877d1643) Importer(815301076,1909f56bfc062723c751e8b465ee728b)
Start importing Assets/Environment Files/Level_Design_Files/Environment_Assets/BG_2/Sky.png using Guid(6d7f62982e460954fb896ae8877d1643) Importer(815301076,1909f56bfc062723c751e8b465ee728b)  -> (artifact id: '769d8c2a8e8cba94147e003d145959a5') in 0.048642 seconds 
========================================================================
Received Import Request.
  Time since last request: 0.000036 seconds.
  path: Assets/Environment Files/Level_Design_Files/Environment_Assets/BG_2/Far_Cave_Background.png
  artifactKey: Guid(d0f954e443827134bbcd761fffc85de3) Importer(815301076,1909f56bfc062723c751e8b465ee728b)
Start importing Assets/Environment Files/Level_Design_Files/Environment_Assets/BG_2/Far_Cave_Background.png using Guid(d0f954e443827134bbcd761fffc85de3) Importer(815301076,1909f56bfc062723c751e8b465ee728b)  -> (artifact id: '56f9215523d55756a5fcdba880daf4a8') in 0.131678 seconds 
========================================================================
Received Import Request.
  Time since last request: 0.000029 seconds.
  path: Assets/Environment Files/Level_Design_Files/Environment_Assets/BG_2/Mountain_1.png
  artifactKey: Guid(29fc8ecca58bc7d48a05a8d661be9114) Importer(815301076,1909f56bfc062723c751e8b465ee728b)
Start importing Assets/Environment Files/Level_Design_Files/Environment_Assets/BG_2/Mountain_1.png using Guid(29fc8ecca58bc7d48a05a8d661be9114) Importer(815301076,1909f56bfc062723c751e8b465ee728b)  -> (artifact id: 'e6331aaf1e70255829cc82f3fde66a63') in 0.090060 seconds 
========================================================================
Received Import Request.
  Time since last request: 0.000020 seconds.
  path: Assets/Environment Files/Level_Design_Files/Environment_Assets/BG_2/Clouds.png
  artifactKey: Guid(9dd278fb16b7a2f4a8444fb2e199f213) Importer(815301076,1909f56bfc062723c751e8b465ee728b)
Start importing Assets/Environment Files/Level_Design_Files/Environment_Assets/BG_2/Clouds.png using Guid(9dd278fb16b7a2f4a8444fb2e199f213) Importer(815301076,1909f56bfc062723c751e8b465ee728b)  -> (artifact id: 'd6eabc27810ee45c870bf8d651d83a6f') in 0.056320 seconds 
========================================================================
Received Import Request.
  Time since last request: 0.000025 seconds.
  path: Assets/Environment Files/Level_Design_Files/Environment_Assets/BG_2/Far_Cave_2.png
  artifactKey: Guid(202044104722e5a42aa19df76c07f3c6) Importer(815301076,1909f56bfc062723c751e8b465ee728b)
Start importing Assets/Environment Files/Level_Design_Files/Environment_Assets/BG_2/Far_Cave_2.png using Guid(202044104722e5a42aa19df76c07f3c6) Importer(815301076,1909f56bfc062723c751e8b465ee728b)  -> (artifact id: 'ced4b37e7755e0143c7c4c2581aaf017') in 0.099833 seconds 
========================================================================
Received Import Request.
  Time since last request: 0.000017 seconds.
  path: Assets/Environment Files/Level_Design_Files/Environment_Assets/BG_2/Sky2.png
  artifactKey: Guid(52d1a43133bce7c449415b3bd5679041) Importer(815301076,1909f56bfc062723c751e8b465ee728b)
Start importing Assets/Environment Files/Level_Design_Files/Environment_Assets/BG_2/Sky2.png using Guid(52d1a43133bce7c449415b3bd5679041) Importer(815301076,1909f56bfc062723c751e8b465ee728b)  -> (artifact id: '6664cb3ad9378b3533b154a4d10195dd') in 0.036381 seconds 
========================================================================
Received Import Request.
  Time since last request: 2155.852229 seconds.
  path: Assets/Environment Files/Level_Design_Files/Environment_Assets/Smaller_Assets/Shrines/Gate1.png
  artifactKey: Guid(135b8e49bfda0af45bf43caef4e927c1) Importer(815301076,1909f56bfc062723c751e8b465ee728b)
Start importing Assets/Environment Files/Level_Design_Files/Environment_Assets/Smaller_Assets/Shrines/Gate1.png using Guid(135b8e49bfda0af45bf43caef4e927c1) Importer(815301076,1909f56bfc062723c751e8b465ee728b)  -> (artifact id: 'c37c4069e6190c22b6f3ff991c197977') in 0.157903 seconds 
========================================================================
Received Import Request.
  Time since last request: 0.000029 seconds.
  path: Assets/Environment Files/Level_Design_Files/Environment_Assets/Smaller_Assets/Shrines/Shrine-1.png
  artifactKey: Guid(2e8fe96eed15f754786e970faaac94c8) Importer(815301076,1909f56bfc062723c751e8b465ee728b)
Start importing Assets/Environment Files/Level_Design_Files/Environment_Assets/Smaller_Assets/Shrines/Shrine-1.png using Guid(2e8fe96eed15f754786e970faaac94c8) Importer(815301076,1909f56bfc062723c751e8b465ee728b)  -> (artifact id: '9bfd268c5072c125e1aadb5c7abdd8be') in 0.091000 seconds 
========================================================================
Received Import Request.
  Time since last request: 702.899707 seconds.
  path: Assets/Environment Files/VillageSprites/GroundLayer/Background ground/2.png
  artifactKey: Guid(4b82f402414d9984da9335f4d0b868a6) Importer(815301076,1909f56bfc062723c751e8b465ee728b)
Start importing Assets/Environment Files/VillageSprites/GroundLayer/Background ground/2.png using Guid(4b82f402414d9984da9335f4d0b868a6) Importer(815301076,1909f56bfc062723c751e8b465ee728b)  -> (artifact id: '008ec257bb18fd1827f220f6900f35b4') in 0.174568 seconds 
========================================================================
Received Import Request.
  Time since last request: 0.000027 seconds.
  path: Assets/Environment Files/VillageSprites/GroundLayer/Background ground/n5.png
  artifactKey: Guid(c35639ca8075e9f45875dc3a7beb70c8) Importer(815301076,1909f56bfc062723c751e8b465ee728b)
Start importing Assets/Environment Files/VillageSprites/GroundLayer/Background ground/n5.png using Guid(c35639ca8075e9f45875dc3a7beb70c8) Importer(815301076,1909f56bfc062723c751e8b465ee728b)  -> (artifact id: '0d28955cb42e7c3f823bb7a9b10e8d0b') in 0.037833 seconds 
========================================================================
Received Import Request.
  Time since last request: 0.000033 seconds.
  path: Assets/Environment Files/VillageSprites/GroundLayer/Background ground/n11.png
  artifactKey: Guid(4405383efe360ff4fba944bc6f6262f0) Importer(815301076,1909f56bfc062723c751e8b465ee728b)
Start importing Assets/Environment Files/VillageSprites/GroundLayer/Background ground/n11.png using Guid(4405383efe360ff4fba944bc6f6262f0) Importer(815301076,1909f56bfc062723c751e8b465ee728b)  -> (artifact id: 'eae4d88517febf6e1e113fa4607deeac') in 0.037737 seconds 
========================================================================
Received Import Request.
  Time since last request: 0.000030 seconds.
  path: Assets/Environment Files/VillageSprites/GroundLayer/Background ground/n10.png
  artifactKey: Guid(6d5d2b099a2a7734fbbae95f0545d257) Importer(815301076,1909f56bfc062723c751e8b465ee728b)
Start importing Assets/Environment Files/VillageSprites/GroundLayer/Background ground/n10.png using Guid(6d5d2b099a2a7734fbbae95f0545d257) Importer(815301076,1909f56bfc062723c751e8b465ee728b)  -> (artifact id: '8d2cc8f6c688203cebf6ddf7c66f7c87') in 0.043580 seconds 
========================================================================
Received Import Request.
  Time since last request: 0.000021 seconds.
  path: Assets/Environment Files/VillageSprites/GroundLayer/Background ground/4.png
  artifactKey: Guid(27c7b5ca62ea853429113d8464351ad7) Importer(815301076,1909f56bfc062723c751e8b465ee728b)
Start importing Assets/Environment Files/VillageSprites/GroundLayer/Background ground/4.png using Guid(27c7b5ca62ea853429113d8464351ad7) Importer(815301076,1909f56bfc062723c751e8b465ee728b)  -> (artifact id: 'f395ebf0f3d8200085893982581d5eb3') in 0.032053 seconds 
========================================================================
Received Import Request.
  Time since last request: 0.000023 seconds.
  path: Assets/Environment Files/VillageSprites/GroundLayer/Background ground/n4.png
  artifactKey: Guid(d6685fd820365564e99e3a5e77c8138d) Importer(815301076,1909f56bfc062723c751e8b465ee728b)
Start importing Assets/Environment Files/VillageSprites/GroundLayer/Background ground/n4.png using Guid(d6685fd820365564e99e3a5e77c8138d) Importer(815301076,1909f56bfc062723c751e8b465ee728b)  -> (artifact id: '449a0398aa6ba615746a105ca7b09422') in 0.035499 seconds 
========================================================================
Received Import Request.
  Time since last request: 0.000020 seconds.
  path: Assets/Environment Files/VillageSprites/GroundLayer/Background ground/n6.png
  artifactKey: Guid(254717a76c289b94a9ccd351dc61e9ee) Importer(815301076,1909f56bfc062723c751e8b465ee728b)
Start importing Assets/Environment Files/VillageSprites/GroundLayer/Background ground/n6.png using Guid(254717a76c289b94a9ccd351dc61e9ee) Importer(815301076,1909f56bfc062723c751e8b465ee728b)  -> (artifact id: '6e588f894cfb7997fa3197a15426ef30') in 0.291858 seconds 
========================================================================
Received Import Request.
  Time since last request: 0.000026 seconds.
  path: Assets/Environment Files/VillageSprites/GroundLayer/Background ground/n9.png
  artifactKey: Guid(20ed8811346e05f42a520c00d7832138) Importer(815301076,1909f56bfc062723c751e8b465ee728b)
Start importing Assets/Environment Files/VillageSprites/GroundLayer/Background ground/n9.png using Guid(20ed8811346e05f42a520c00d7832138) Importer(815301076,1909f56bfc062723c751e8b465ee728b)  -> (artifact id: '9dfe4b150d0f464edf9a791f60fea29e') in 0.039121 seconds 
========================================================================
Received Import Request.
  Time since last request: 0.000025 seconds.
  path: Assets/Environment Files/VillageSprites/GroundLayer/Background ground/n1.png
  artifactKey: Guid(554980811b109fb4a8bbbbd15b2fb67c) Importer(815301076,1909f56bfc062723c751e8b465ee728b)
Start importing Assets/Environment Files/VillageSprites/GroundLayer/Background ground/n1.png using Guid(554980811b109fb4a8bbbbd15b2fb67c) Importer(815301076,1909f56bfc062723c751e8b465ee728b)  -> (artifact id: 'c4ae57664a8bcf3afbcaf4ffe66d6805') in 0.034328 seconds 
========================================================================
Received Import Request.
  Time since last request: 0.000021 seconds.
  path: Assets/Environment Files/VillageSprites/GroundLayer/Background ground/n2.png
  artifactKey: Guid(1647704234ab98442bd1bd88efaa5976) Importer(815301076,1909f56bfc062723c751e8b465ee728b)
Start importing Assets/Environment Files/VillageSprites/GroundLayer/Background ground/n2.png using Guid(1647704234ab98442bd1bd88efaa5976) Importer(815301076,1909f56bfc062723c751e8b465ee728b)  -> (artifact id: 'b81a98766a5e925212a52b49ba93beb6') in 0.033251 seconds 
========================================================================
Received Import Request.
  Time since last request: 4870.911012 seconds.
  path: Assets/Environment Files/VillageSprites/VFX/NewClouds/1/Smoke 1_101.png
  artifactKey: Guid(a96d9c97ea8a4f74982206f7dc155cc3) Importer(815301076,1909f56bfc062723c751e8b465ee728b)
Start importing Assets/Environment Files/VillageSprites/VFX/NewClouds/1/Smoke 1_101.png using Guid(a96d9c97ea8a4f74982206f7dc155cc3) Importer(815301076,1909f56bfc062723c751e8b465ee728b)  -> (artifact id: '39e2e22d284412e627a202672b6bf0a8') in 0.177260 seconds 
========================================================================
Received Import Request.
  Time since last request: 0.000087 seconds.
  path: Assets/Environment Files/VillageSprites/VFX/NewClouds/1/Smoke 1_110.png
  artifactKey: Guid(07ab68ac96c62b0468cab4b0f1a662cb) Importer(815301076,1909f56bfc062723c751e8b465ee728b)
Start importing Assets/Environment Files/VillageSprites/VFX/NewClouds/1/Smoke 1_110.png using Guid(07ab68ac96c62b0468cab4b0f1a662cb) Importer(815301076,1909f56bfc062723c751e8b465ee728b)  -> (artifact id: 'ff95eb3e3300b7dd33d26340c0b7f0d5') in 0.097458 seconds 
========================================================================
Received Import Request.
  Time since last request: 0.000046 seconds.
  path: Assets/Environment Files/VillageSprites/VFX/NewClouds/1/Smoke 1_111.png
  artifactKey: Guid(43a3e2054fd1df546b0737593faf4a98) Importer(815301076,1909f56bfc062723c751e8b465ee728b)
Start importing Assets/Environment Files/VillageSprites/VFX/NewClouds/1/Smoke 1_111.png using Guid(43a3e2054fd1df546b0737593faf4a98) Importer(815301076,1909f56bfc062723c751e8b465ee728b)  -> (artifact id: 'bcaae30db6937ed817929bd81baf080a') in 0.101803 seconds 
========================================================================
Received Import Request.
  Time since last request: 0.000031 seconds.
  path: Assets/Environment Files/VillageSprites/VFX/NewClouds/1/Smoke 1_109.png
  artifactKey: Guid(058fc687a034d4240b96edcdd077363b) Importer(815301076,1909f56bfc062723c751e8b465ee728b)
Start importing Assets/Environment Files/VillageSprites/VFX/NewClouds/1/Smoke 1_109.png using Guid(058fc687a034d4240b96edcdd077363b) Importer(815301076,1909f56bfc062723c751e8b465ee728b)  -> (artifact id: '5113ebf50f36cd0e35db4c297aa17d1c') in 0.093277 seconds 
========================================================================
Received Import Request.
  Time since last request: 0.000034 seconds.
  path: Assets/Environment Files/VillageSprites/VFX/NewClouds/1/Smoke 1_118.png
  artifactKey: Guid(4411cdcf11512f4458c577dfc4b78b55) Importer(815301076,1909f56bfc062723c751e8b465ee728b)
Start importing Assets/Environment Files/VillageSprites/VFX/NewClouds/1/Smoke 1_118.png using Guid(4411cdcf11512f4458c577dfc4b78b55) Importer(815301076,1909f56bfc062723c751e8b465ee728b)  -> (artifact id: '790a8e670f5fb597e5f0dab22ddbe3d2') in 0.104850 seconds 
========================================================================
Received Import Request.
  Time since last request: 0.000041 seconds.
  path: Assets/Environment Files/VillageSprites/VFX/NewClouds/1/Smoke 1_102.png
  artifactKey: Guid(7f714130a9586414a8ccdeb09db98852) Importer(815301076,1909f56bfc062723c751e8b465ee728b)
Start importing Assets/Environment Files/VillageSprites/VFX/NewClouds/1/Smoke 1_102.png using Guid(7f714130a9586414a8ccdeb09db98852) Importer(815301076,1909f56bfc062723c751e8b465ee728b)  -> (artifact id: '0382c3c01b09bf7aa22606e4f6169a4e') in 0.081925 seconds 
========================================================================
Received Import Request.
  Time since last request: 0.000028 seconds.
  path: Assets/Environment Files/VillageSprites/VFX/NewClouds/1/Smoke 1_103.png
  artifactKey: Guid(016709e155f7b8e4b80e87cea795c440) Importer(815301076,1909f56bfc062723c751e8b465ee728b)
Start importing Assets/Environment Files/VillageSprites/VFX/NewClouds/1/Smoke 1_103.png using Guid(016709e155f7b8e4b80e87cea795c440) Importer(815301076,1909f56bfc062723c751e8b465ee728b)  -> (artifact id: '33858b83cdb190b0e953ca634da07c0d') in 0.093290 seconds 
========================================================================
Received Import Request.
  Time since last request: 0.000029 seconds.
  path: Assets/Environment Files/VillageSprites/VFX/NewClouds/1/Smoke 1_104.png
  artifactKey: Guid(4aa9fde867117234c9e4125ca858ea59) Importer(815301076,1909f56bfc062723c751e8b465ee728b)
Start importing Assets/Environment Files/VillageSprites/VFX/NewClouds/1/Smoke 1_104.png using Guid(4aa9fde867117234c9e4125ca858ea59) Importer(815301076,1909f56bfc062723c751e8b465ee728b)  -> (artifact id: 'cc8f2e26e1347db70dbc81ee8029f3ad') in 0.084502 seconds 
========================================================================
Received Import Request.
  Time since last request: 0.000027 seconds.
  path: Assets/Environment Files/VillageSprites/VFX/NewClouds/1/Smoke 1_116.png
  artifactKey: Guid(07a8f24432d244d4799f070063d07c1f) Importer(815301076,1909f56bfc062723c751e8b465ee728b)
Start importing Assets/Environment Files/VillageSprites/VFX/NewClouds/1/Smoke 1_116.png using Guid(07a8f24432d244d4799f070063d07c1f) Importer(815301076,1909f56bfc062723c751e8b465ee728b)  -> (artifact id: '77c241b585870d488e35c46bf3ab9ec5') in 0.136844 seconds 
========================================================================
Received Import Request.
  Time since last request: 0.000040 seconds.
  path: Assets/Environment Files/VillageSprites/VFX/NewClouds/1/Smoke 1_117.png
  artifactKey: Guid(c9a1fee889936da4a829730417eb0610) Importer(815301076,1909f56bfc062723c751e8b465ee728b)
Start importing Assets/Environment Files/VillageSprites/VFX/NewClouds/1/Smoke 1_117.png using Guid(c9a1fee889936da4a829730417eb0610) Importer(815301076,1909f56bfc062723c751e8b465ee728b)  -> (artifact id: 'f1dfa9707ab60051c9ec7ad661e0c49c') in 0.091150 seconds 
========================================================================
Received Import Request.
  Time since last request: 9239.290711 seconds.
  path: Assets/Environment Files/Prefabs/Level_Assets.prefab
  artifactKey: Guid(c38f63cfce1461d49961096c537214f6) Importer(815301076,1909f56bfc062723c751e8b465ee728b)
Start importing Assets/Environment Files/Prefabs/Level_Assets.prefab using Guid(c38f63cfce1461d49961096c537214f6) Importer(815301076,1909f56bfc062723c751e8b465ee728b)  -> (artifact id: '3626e65ea8b7c829e6128d8b4483819c') in 3.224619 seconds 
========================================================================
Received Import Request.
  Time since last request: 2.291674 seconds.
  path: Packages/com.unity.render-pipelines.core/Runtime/Debugging/Prefabs/Widgets/DebugUIBitField.prefab
  artifactKey: Guid(7c78b588b2e1f7c4a86ca4a985cf6e4a) Importer(815301076,1909f56bfc062723c751e8b465ee728b)
Start importing Packages/com.unity.render-pipelines.core/Runtime/Debugging/Prefabs/Widgets/DebugUIBitField.prefab using Guid(7c78b588b2e1f7c4a86ca4a985cf6e4a) Importer(815301076,1909f56bfc062723c751e8b465ee728b)  -> (artifact id: '04537b2d345229207b0a5709bbf0df69') in 0.134964 seconds 
========================================================================
Received Import Request.
  Time since last request: 0.000032 seconds.
  path: Packages/com.unity.render-pipelines.core/Runtime/Debugging/Prefabs/Widgets/DebugUIRow.prefab
  artifactKey: Guid(2d019437ff89b8d44949727731cd9357) Importer(815301076,1909f56bfc062723c751e8b465ee728b)
Start importing Packages/com.unity.render-pipelines.core/Runtime/Debugging/Prefabs/Widgets/DebugUIRow.prefab using Guid(2d019437ff89b8d44949727731cd9357) Importer(815301076,1909f56bfc062723c751e8b465ee728b)  -> (artifact id: '1e09bf7ded8a57ab2a54955488279dd4') in 0.013054 seconds 
========================================================================
Received Import Request.
  Time since last request: 0.000038 seconds.
  path: Packages/com.unity.render-pipelines.core/Runtime/Debugging/Prefabs/Widgets/DebugUIHBox.prefab
  artifactKey: Guid(f7f5e36797cf0c1408561665c67b179b) Importer(815301076,1909f56bfc062723c751e8b465ee728b)
Start importing Packages/com.unity.render-pipelines.core/Runtime/Debugging/Prefabs/Widgets/DebugUIHBox.prefab using Guid(f7f5e36797cf0c1408561665c67b179b) Importer(815301076,1909f56bfc062723c751e8b465ee728b)  -> (artifact id: '4d5c00f6b1d62ad399789043a7f83194') in 0.010027 seconds 
========================================================================
Received Import Request.
  Time since last request: 0.000028 seconds.
  path: Packages/com.unity.render-pipelines.core/Runtime/Debugging/Prefabs/Widgets/DebugUIPanel.prefab
  artifactKey: Guid(daa46a58178a6ad41ae1ddc2dc7f856d) Importer(815301076,1909f56bfc062723c751e8b465ee728b)
Start importing Packages/com.unity.render-pipelines.core/Runtime/Debugging/Prefabs/Widgets/DebugUIPanel.prefab using Guid(daa46a58178a6ad41ae1ddc2dc7f856d) Importer(815301076,1909f56bfc062723c751e8b465ee728b)  -> (artifact id: '117383dfeeb1b4356595cf61b228cc15') in 0.018820 seconds 
========================================================================
Received Import Request.
  Time since last request: 0.000038 seconds.
  path: Packages/com.unity.render-pipelines.core/Runtime/Debugging/Prefabs/Widgets/DebugUIUIntField.prefab
  artifactKey: Guid(f22bcc84a5f4a1944b075a2c4ac71493) Importer(815301076,1909f56bfc062723c751e8b465ee728b)
Start importing Packages/com.unity.render-pipelines.core/Runtime/Debugging/Prefabs/Widgets/DebugUIUIntField.prefab using Guid(f22bcc84a5f4a1944b075a2c4ac71493) Importer(815301076,1909f56bfc062723c751e8b465ee728b)  -> (artifact id: 'ad9731f1e36bf2a1541661695568dbaa') in 0.012480 seconds 
========================================================================
Received Import Request.
  Time since last request: 0.000042 seconds.
  path: Packages/com.unity.render-pipelines.core/Runtime/Debugging/Prefabs/Widgets/DebugUIValue.prefab
  artifactKey: Guid(dc0f88987826e6e48b1fe9c7c2b53a53) Importer(815301076,1909f56bfc062723c751e8b465ee728b)
Start importing Packages/com.unity.render-pipelines.core/Runtime/Debugging/Prefabs/Widgets/DebugUIValue.prefab using Guid(dc0f88987826e6e48b1fe9c7c2b53a53) Importer(815301076,1909f56bfc062723c751e8b465ee728b)  -> (artifact id: 'e0630c6fe0d5b3691b5cb1fcf559a58b') in 0.010527 seconds 
========================================================================
Received Import Request.
  Time since last request: 0.000025 seconds.
  path: Packages/com.unity.render-pipelines.core/Runtime/Debugging/Prefabs/Widgets/DebugUIIntField.prefab
  artifactKey: Guid(ae00bb75e0cd5b04b8fe7fb4ab662629) Importer(815301076,1909f56bfc062723c751e8b465ee728b)
Start importing Packages/com.unity.render-pipelines.core/Runtime/Debugging/Prefabs/Widgets/DebugUIIntField.prefab using Guid(ae00bb75e0cd5b04b8fe7fb4ab662629) Importer(815301076,1909f56bfc062723c751e8b465ee728b)  -> (artifact id: 'fd470b4674eaed1f8cb20215dca054c3') in 0.014467 seconds 
========================================================================
Received Import Request.
  Time since last request: 0.000025 seconds.
  path: Packages/com.unity.render-pipelines.core/Runtime/Debugging/Prefabs/Widgets/DebugUIVector2.prefab
  artifactKey: Guid(326f7c58aed965d41bf7805a782d1e44) Importer(815301076,1909f56bfc062723c751e8b465ee728b)
Start importing Packages/com.unity.render-pipelines.core/Runtime/Debugging/Prefabs/Widgets/DebugUIVector2.prefab using Guid(326f7c58aed965d41bf7805a782d1e44) Importer(815301076,1909f56bfc062723c751e8b465ee728b)  -> (artifact id: 'd3571bac1f67cd4ec61ce506b64eab2d') in 0.013173 seconds 
========================================================================
Received Import Request.
  Time since last request: 0.000033 seconds.
  path: Packages/com.unity.render-pipelines.core/Runtime/Debugging/Prefabs/Resources/DebugUICanvas.prefab
  artifactKey: Guid(cf6cbdd672089a84796e55a21fed1cbe) Importer(815301076,1909f56bfc062723c751e8b465ee728b)
Start importing Packages/com.unity.render-pipelines.core/Runtime/Debugging/Prefabs/Resources/DebugUICanvas.prefab using Guid(cf6cbdd672089a84796e55a21fed1cbe) Importer(815301076,1909f56bfc062723c751e8b465ee728b)  -> (artifact id: '72ac517ce0ad89f0065bf0f1af2d05b1') in 0.040006 seconds 
